[0m20:40:36.888198 [debug] [MainThread]: Sending event: {'category': 'dbt', 'action': 'invocation', 'label': 'start', 'context': [<snowplow_tracker.self_describing_json.SelfDescribingJson object at 0x00000274A9DBC6E0>, <snowplow_tracker.self_describing_json.SelfDescribingJson object at 0x00000274ABC33C50>, <snowplow_tracker.self_describing_json.SelfDescribingJson object at 0x00000274ABC33750>]}


============================== 20:40:36.898833 | 383a63c2-8787-4006-a750-f33f873bd8de ==============================
[0m20:40:36.898833 [info ] [MainThread]: Running with dbt=1.11.11
[0m20:40:36.900388 [debug] [MainThread]: running dbt with arguments {'version_check': 'True', 'no_print': 'None', 'static_parser': 'True', 'warn_error_options': 'WarnErrorOptionsV2(error=[], warn=[], silence=[])', 'target_path': 'None', 'printer_width': '80', 'write_json': 'True', 'introspect': 'True', 'log_cache_events': 'False', 'empty': 'None', 'cache_selected_only': 'False', 'log_format': 'default', 'debug': 'False', 'fail_fast': 'False', 'profiles_dir': 'C:\\Users\\admin\\.dbt', 'send_anonymous_usage_stats': 'True', 'quiet': 'False', 'warn_error': 'None', 'partial_parse': 'True', 'invocation_command': 'dbt init saas_revenue_dbt', 'use_colors': 'True', 'indirect_selection': 'eager', 'use_experimental_parser': 'False', 'log_path': 'logs'}
[0m20:40:37.025444 [info ] [MainThread]: Creating dbt configuration folder at C:\Users\admin\.dbt
[0m20:40:37.031456 [debug] [MainThread]: Starter project path: C:\Users\admin\saas-revenue-platform\venv\Lib\site-packages\dbt\include\starter_project
[0m20:40:37.060074 [info ] [MainThread]: 
Your new dbt project "saas_revenue_dbt" was created!

For more information on how to configure the profiles.yml file,
please consult the dbt documentation here:

  https://docs.getdbt.com/docs/configure-your-profile

One more thing:

Need help? Don't hesitate to reach out to us via GitHub issues or on Slack:

  https://community.getdbt.com/

Happy modeling!

[0m20:40:37.061470 [info ] [MainThread]: Setting up your profile.
[0m20:43:11.068197 [debug] [MainThread]: Snowflake adapter: Setting snowflake.connector to ERROR (file logging only)
[0m20:43:11.068911 [debug] [MainThread]: Snowflake adapter: Setting botocore to ERROR (file logging only)
[0m20:43:11.069440 [debug] [MainThread]: Snowflake adapter: Setting boto3 to ERROR (file logging only)
[0m20:51:52.774236 [info ] [MainThread]: Profile saas_revenue_dbt written to C:\Users\admin\.dbt\profiles.yml using target's profile_template.yml and your supplied values. Run 'dbt debug' to validate the connection.
[0m20:51:52.777473 [debug] [MainThread]: Command `dbt init` succeeded at 20:51:52.776665 after 676.32 seconds
[0m20:51:52.778406 [debug] [MainThread]: Sending event: {'category': 'dbt', 'action': 'invocation', 'label': 'end', 'context': [<snowplow_tracker.self_describing_json.SelfDescribingJson object at 0x00000274BD312650>, <snowplow_tracker.self_describing_json.SelfDescribingJson object at 0x00000274BCCB6690>, <snowplow_tracker.self_describing_json.SelfDescribingJson object at 0x00000274AAAFB570>]}
[0m20:51:52.779327 [debug] [MainThread]: Flushing usage events
[0m20:51:54.020026 [debug] [MainThread]: An error was encountered while trying to flush usage events
